<?xml version="1.0" encoding="UTF-8"?>
<coverage generated="1530590795850" clover="3.2.0">
  <project timestamp="1530590795850" name="All files">
    <metrics statements="12" coveredstatements="6" conditionals="4" coveredconditionals="2" methods="3" coveredmethods="1" elements="19" coveredelements="9" complexity="0" loc="12" ncloc="12" packages="1" files="1" classes="1">
      <file name="utils.js" path="/Users/nathanaeldenys/Documents/Coding/vue-projects/profitoro-nuxt/utils/utils.js">
        <metrics statements="12" coveredstatements="6" conditionals="4" coveredconditionals="2" methods="3" coveredmethods="1"/>
        <line num="6" count="1" type="stmt"/>
        <line num="7" count="2" type="cond" truecount="2" falsecount="0"/>
        <line num="8" count="1" type="stmt"/>
        <line num="11" count="1" type="stmt"/>
        <line num="19" count="1" type="stmt"/>
        <line num="20" count="0" type="stmt"/>
        <line num="21" count="0" type="cond" truecount="0" falsecount="2"/>
        <line num="22" count="0" type="stmt"/>
        <line num="24" count="0" type="stmt"/>
        <line num="28" count="1" type="stmt"/>
        <line num="29" count="0" type="stmt"/>
        <line num="30" count="0" type="stmt"/>
      </file>
    </metrics>
  </project>
</coverage>
