{"/Users/nathanaeldenys/Documents/Coding/vue-projects/profitoro-nuxt/components/common/HeaderComponent.vue": {"path":"/Users/nathanaeldenys/Documents/Coding/vue-projects/profitoro-nuxt/components/common/HeaderComponent.vue","statementMap":{"0":{"start":{"line":2,"column":0},"end":{"line":null,"column":-1}},"1":{"start":{"line":3,"column":0},"end":{"line":null,"column":-1}},"2":{"start":{"line":11,"column":6},"end":{"line":null,"column":-1}},"3":{"start":{"line":12,"column":6},"end":{"line":null,"column":-1}}},"fnMap":{"0":{"name":"onLogout","decl":{"start":{"line":8,"column":2},"end":{"line":10,"column":15}},"loc":{"start":{"line":10,"column":16},"end":{"line":13,"column":5}}}},"branchMap":{},"s":{"0":1,"1":1,"2":1,"3":0},"f":{"0":1},"b":{}}
,"/Users/nathanaeldenys/Documents/Coding/vue-projects/profitoro-nuxt/components/common/Logo.vue": {"path":"/Users/nathanaeldenys/Documents/Coding/vue-projects/profitoro-nuxt/components/common/Logo.vue","statementMap":{"0":{"start":{"line":4,"column":4},"end":{"line":null,"column":-1}}},"fnMap":{"0":{"name":"data","decl":{"start":{"line":2,"column":15},"end":{"line":3,"column":9}},"loc":{"start":{"line":3,"column":10},"end":{"line":7,"column":3}}}},"branchMap":{},"s":{"0":1},"f":{"0":1},"b":{}}
,"/Users/nathanaeldenys/Documents/Coding/vue-projects/profitoro-nuxt/store/actions.js": {"path":"/Users/nathanaeldenys/Documents/Coding/vue-projects/profitoro-nuxt/store/actions.js","statementMap":{"0":{"start":{"line":12,"column":12},"end":{"line":12,"column":57}},"1":{"start":{"line":13,"column":2},"end":{"line":15,"column":4}},"2":{"start":{"line":14,"column":4},"end":{"line":14,"column":31}},"3":{"start":{"line":27,"column":4},"end":{"line":27,"column":52}},"4":{"start":{"line":36,"column":4},"end":{"line":38,"column":5}},"5":{"start":{"line":37,"column":6},"end":{"line":37,"column":12}},"6":{"start":{"line":40,"column":4},"end":{"line":40,"column":45}},"7":{"start":{"line":41,"column":4},"end":{"line":41,"column":32}},"8":{"start":{"line":42,"column":4},"end":{"line":42,"column":29}},"9":{"start":{"line":43,"column":4},"end":{"line":43,"column":20}},"10":{"start":{"line":45,"column":24},"end":{"line":45,"column":52}},"11":{"start":{"line":48,"column":18},"end":{"line":48,"column":20}},"12":{"start":{"line":49,"column":4},"end":{"line":49,"column":51}},"13":{"start":{"line":50,"column":4},"end":{"line":50,"column":79}},"14":{"start":{"line":52,"column":4},"end":{"line":52,"column":55}},"15":{"start":{"line":60,"column":4},"end":{"line":62,"column":5}},"16":{"start":{"line":61,"column":6},"end":{"line":61,"column":12}},"17":{"start":{"line":63,"column":4},"end":{"line":63,"column":49}},"18":{"start":{"line":64,"column":4},"end":{"line":68,"column":5}},"19":{"start":{"line":65,"column":6},"end":{"line":65,"column":47}},"20":{"start":{"line":67,"column":6},"end":{"line":67,"column":51}},"21":{"start":{"line":76,"column":4},"end":{"line":78,"column":5}},"22":{"start":{"line":77,"column":6},"end":{"line":77,"column":12}},"23":{"start":{"line":79,"column":4},"end":{"line":79,"column":39}},"24":{"start":{"line":80,"column":4},"end":{"line":84,"column":5}},"25":{"start":{"line":81,"column":6},"end":{"line":81,"column":42}},"26":{"start":{"line":83,"column":6},"end":{"line":83,"column":41}},"27":{"start":{"line":92,"column":4},"end":{"line":94,"column":5}},"28":{"start":{"line":93,"column":6},"end":{"line":93,"column":12}},"29":{"start":{"line":95,"column":4},"end":{"line":95,"column":37}},"30":{"start":{"line":96,"column":4},"end":{"line":100,"column":5}},"31":{"start":{"line":97,"column":6},"end":{"line":97,"column":41}},"32":{"start":{"line":99,"column":6},"end":{"line":99,"column":39}},"33":{"start":{"line":108,"column":4},"end":{"line":108,"column":64}},"34":{"start":{"line":116,"column":4},"end":{"line":119,"column":6}},"35":{"start":{"line":118,"column":6},"end":{"line":118,"column":44}},"36":{"start":{"line":128,"column":4},"end":{"line":130,"column":6}},"37":{"start":{"line":131,"column":4},"end":{"line":131,"column":41}},"38":{"start":{"line":139,"column":4},"end":{"line":141,"column":6}},"39":{"start":{"line":149,"column":4},"end":{"line":153,"column":6}},"40":{"start":{"line":152,"column":6},"end":{"line":152,"column":24}},"41":{"start":{"line":161,"column":4},"end":{"line":161,"column":66}},"42":{"start":{"line":168,"column":4},"end":{"line":170,"column":6}},"43":{"start":{"line":169,"column":6},"end":{"line":169,"column":44}},"44":{"start":{"line":177,"column":4},"end":{"line":177,"column":32}},"45":{"start":{"line":184,"column":4},"end":{"line":193,"column":6}},"46":{"start":{"line":185,"column":6},"end":{"line":185,"column":29}},"47":{"start":{"line":186,"column":6},"end":{"line":189,"column":7}},"48":{"start":{"line":187,"column":8},"end":{"line":187,"column":50}},"49":{"start":{"line":188,"column":8},"end":{"line":188,"column":48}},"50":{"start":{"line":190,"column":6},"end":{"line":192,"column":7}},"51":{"start":{"line":191,"column":8},"end":{"line":191,"column":44}},"52":{"start":{"line":200,"column":13},"end":{"line":200,"column":35}},"53":{"start":{"line":201,"column":20},"end":{"line":201,"column":56}},"54":{"start":{"line":202,"column":24},"end":{"line":202,"column":57}},"55":{"start":{"line":203,"column":22},"end":{"line":203,"column":41}},"56":{"start":{"line":205,"column":4},"end":{"line":207,"column":6}},"57":{"start":{"line":206,"column":6},"end":{"line":206,"column":39}},"58":{"start":{"line":208,"column":4},"end":{"line":210,"column":6}},"59":{"start":{"line":209,"column":6},"end":{"line":209,"column":47}},"60":{"start":{"line":211,"column":4},"end":{"line":213,"column":6}},"61":{"start":{"line":212,"column":6},"end":{"line":212,"column":43}},"62":{"start":{"line":221,"column":4},"end":{"line":226,"column":6}},"63":{"start":{"line":222,"column":6},"end":{"line":224,"column":7}},"64":{"start":{"line":223,"column":8},"end":{"line":223,"column":36}},"65":{"start":{"line":225,"column":6},"end":{"line":225,"column":40}},"66":{"start":{"line":232,"column":4},"end":{"line":232,"column":32}},"67":{"start":{"line":233,"column":4},"end":{"line":233,"column":36}},"68":{"start":{"line":234,"column":4},"end":{"line":234,"column":34}},"69":{"start":{"line":235,"column":4},"end":{"line":241,"column":5}},"70":{"start":{"line":236,"column":6},"end":{"line":236,"column":33}},"71":{"start":{"line":237,"column":6},"end":{"line":237,"column":37}},"72":{"start":{"line":238,"column":6},"end":{"line":238,"column":35}},"73":{"start":{"line":240,"column":6},"end":{"line":240,"column":12}}},"fnMap":{"0":{"name":"_uploadImage","decl":{"start":{"line":11,"column":9},"end":{"line":11,"column":21}},"loc":{"start":{"line":11,"column":29},"end":{"line":16,"column":1}},"line":11},"1":{"name":"(anonymous_1)","decl":{"start":{"line":13,"column":61},"end":{"line":13,"column":62}},"loc":{"start":{"line":13,"column":73},"end":{"line":15,"column":3}},"line":13},"2":{"name":"(anonymous_2)","decl":{"start":{"line":117,"column":11},"end":{"line":117,"column":12}},"loc":{"start":{"line":117,"column":20},"end":{"line":119,"column":5}},"line":117},"3":{"name":"(anonymous_3)","decl":{"start":{"line":149,"column":39},"end":{"line":149,"column":40}},"loc":{"start":{"line":149,"column":45},"end":{"line":151,"column":5}},"line":149},"4":{"name":"(anonymous_4)","decl":{"start":{"line":151,"column":7},"end":{"line":151,"column":8}},"loc":{"start":{"line":151,"column":16},"end":{"line":153,"column":5}},"line":151},"5":{"name":"(anonymous_5)","decl":{"start":{"line":168,"column":49},"end":{"line":168,"column":50}},"loc":{"start":{"line":168,"column":58},"end":{"line":170,"column":5}},"line":168},"6":{"name":"(anonymous_6)","decl":{"start":{"line":184,"column":42},"end":{"line":184,"column":43}},"loc":{"start":{"line":184,"column":50},"end":{"line":193,"column":5}},"line":184},"7":{"name":"(anonymous_7)","decl":{"start":{"line":199,"column":41},"end":{"line":199,"column":42}},"loc":{"start":{"line":199,"column":78},"end":{"line":214,"column":3}},"line":199},"8":{"name":"(anonymous_8)","decl":{"start":{"line":205,"column":85},"end":{"line":205,"column":86}},"loc":{"start":{"line":205,"column":91},"end":{"line":207,"column":5}},"line":205},"9":{"name":"(anonymous_9)","decl":{"start":{"line":208,"column":93},"end":{"line":208,"column":94}},"loc":{"start":{"line":208,"column":99},"end":{"line":210,"column":5}},"line":208},"10":{"name":"(anonymous_10)","decl":{"start":{"line":211,"column":89},"end":{"line":211,"column":90}},"loc":{"start":{"line":211,"column":95},"end":{"line":213,"column":5}},"line":211},"11":{"name":"(anonymous_11)","decl":{"start":{"line":220,"column":40},"end":{"line":220,"column":41}},"loc":{"start":{"line":220,"column":91},"end":{"line":227,"column":3}},"line":220},"12":{"name":"(anonymous_12)","decl":{"start":{"line":221,"column":40},"end":{"line":221,"column":41}},"loc":{"start":{"line":221,"column":52},"end":{"line":226,"column":5}},"line":221},"13":{"name":"(anonymous_13)","decl":{"start":{"line":231,"column":43},"end":{"line":231,"column":44}},"loc":{"start":{"line":231,"column":76},"end":{"line":242,"column":3}},"line":231}},"branchMap":{"0":{"loc":{"start":{"line":36,"column":4},"end":{"line":38,"column":5}},"type":"if","locations":[{"start":{"line":36,"column":4},"end":{"line":38,"column":5}},{"start":{"line":36,"column":4},"end":{"line":38,"column":5}}],"line":36},"1":{"loc":{"start":{"line":60,"column":4},"end":{"line":62,"column":5}},"type":"if","locations":[{"start":{"line":60,"column":4},"end":{"line":62,"column":5}},{"start":{"line":60,"column":4},"end":{"line":62,"column":5}}],"line":60},"2":{"loc":{"start":{"line":64,"column":4},"end":{"line":68,"column":5}},"type":"if","locations":[{"start":{"line":64,"column":4},"end":{"line":68,"column":5}},{"start":{"line":64,"column":4},"end":{"line":68,"column":5}}],"line":64},"3":{"loc":{"start":{"line":76,"column":4},"end":{"line":78,"column":5}},"type":"if","locations":[{"start":{"line":76,"column":4},"end":{"line":78,"column":5}},{"start":{"line":76,"column":4},"end":{"line":78,"column":5}}],"line":76},"4":{"loc":{"start":{"line":80,"column":4},"end":{"line":84,"column":5}},"type":"if","locations":[{"start":{"line":80,"column":4},"end":{"line":84,"column":5}},{"start":{"line":80,"column":4},"end":{"line":84,"column":5}}],"line":80},"5":{"loc":{"start":{"line":92,"column":4},"end":{"line":94,"column":5}},"type":"if","locations":[{"start":{"line":92,"column":4},"end":{"line":94,"column":5}},{"start":{"line":92,"column":4},"end":{"line":94,"column":5}}],"line":92},"6":{"loc":{"start":{"line":96,"column":4},"end":{"line":100,"column":5}},"type":"if","locations":[{"start":{"line":96,"column":4},"end":{"line":100,"column":5}},{"start":{"line":96,"column":4},"end":{"line":100,"column":5}}],"line":96},"7":{"loc":{"start":{"line":186,"column":6},"end":{"line":189,"column":7}},"type":"if","locations":[{"start":{"line":186,"column":6},"end":{"line":189,"column":7}},{"start":{"line":186,"column":6},"end":{"line":189,"column":7}}],"line":186},"8":{"loc":{"start":{"line":186,"column":10},"end":{"line":186,"column":35}},"type":"binary-expr","locations":[{"start":{"line":186,"column":10},"end":{"line":186,"column":14}},{"start":{"line":186,"column":18},"end":{"line":186,"column":35}}],"line":186},"9":{"loc":{"start":{"line":190,"column":6},"end":{"line":192,"column":7}},"type":"if","locations":[{"start":{"line":190,"column":6},"end":{"line":192,"column":7}},{"start":{"line":190,"column":6},"end":{"line":192,"column":7}}],"line":190},"10":{"loc":{"start":{"line":222,"column":6},"end":{"line":224,"column":7}},"type":"if","locations":[{"start":{"line":222,"column":6},"end":{"line":224,"column":7}},{"start":{"line":222,"column":6},"end":{"line":224,"column":7}}],"line":222}},"s":{"0":0,"1":0,"2":0,"3":1,"4":1,"5":0,"6":1,"7":1,"8":1,"9":1,"10":1,"11":1,"12":1,"13":1,"14":1,"15":0,"16":0,"17":0,"18":0,"19":0,"20":0,"21":0,"22":0,"23":0,"24":0,"25":0,"26":0,"27":0,"28":0,"29":0,"30":0,"31":0,"32":0,"33":0,"34":0,"35":0,"36":0,"37":0,"38":0,"39":0,"40":0,"41":0,"42":0,"43":0,"44":1,"45":0,"46":0,"47":0,"48":0,"49":0,"50":0,"51":0,"52":0,"53":0,"54":0,"55":0,"56":0,"57":0,"58":0,"59":0,"60":0,"61":0,"62":0,"63":0,"64":0,"65":0,"66":0,"67":0,"68":0,"69":0,"70":0,"71":0,"72":0,"73":0},"f":{"0":0,"1":0,"2":0,"3":0,"4":0,"5":0,"6":0,"7":0,"8":0,"9":0,"10":0,"11":0,"12":0,"13":0},"b":{"0":[0,1],"1":[0,0],"2":[0,0],"3":[0,0],"4":[0,0],"5":[0,0],"6":[0,0],"7":[0,0],"8":[0,0],"9":[0,0],"10":[0,0]},"_coverageSchema":"332fd63041d2c1bcb487cc26dd0d5f7d97098a6c","hash":"116dd9ffa91c3fd5f3f6b9a0695c25799561a504"}
,"/Users/nathanaeldenys/Documents/Coding/vue-projects/profitoro-nuxt/store/getters.js": {"path":"/Users/nathanaeldenys/Documents/Coding/vue-projects/profitoro-nuxt/store/getters.js","statementMap":{"0":{"start":{"line":2,"column":22},"end":{"line":2,"column":34}},"1":{"start":{"line":3,"column":20},"end":{"line":3,"column":30}},"2":{"start":{"line":4,"column":27},"end":{"line":4,"column":44}},"3":{"start":{"line":5,"column":24},"end":{"line":5,"column":38}},"4":{"start":{"line":6,"column":30},"end":{"line":6,"column":61}},"5":{"start":{"line":7,"column":28},"end":{"line":7,"column":65}}},"fnMap":{"0":{"name":"(anonymous_0)","decl":{"start":{"line":2,"column":13},"end":{"line":2,"column":14}},"loc":{"start":{"line":2,"column":22},"end":{"line":2,"column":34}},"line":2},"1":{"name":"(anonymous_1)","decl":{"start":{"line":3,"column":11},"end":{"line":3,"column":12}},"loc":{"start":{"line":3,"column":20},"end":{"line":3,"column":30}},"line":3},"2":{"name":"(anonymous_2)","decl":{"start":{"line":4,"column":18},"end":{"line":4,"column":19}},"loc":{"start":{"line":4,"column":27},"end":{"line":4,"column":44}},"line":4},"3":{"name":"(anonymous_3)","decl":{"start":{"line":5,"column":15},"end":{"line":5,"column":16}},"loc":{"start":{"line":5,"column":24},"end":{"line":5,"column":38}},"line":5},"4":{"name":"(anonymous_4)","decl":{"start":{"line":6,"column":21},"end":{"line":6,"column":22}},"loc":{"start":{"line":6,"column":30},"end":{"line":6,"column":61}},"line":6},"5":{"name":"(anonymous_5)","decl":{"start":{"line":7,"column":19},"end":{"line":7,"column":20}},"loc":{"start":{"line":7,"column":28},"end":{"line":7,"column":65}},"line":7}},"branchMap":{"0":{"loc":{"start":{"line":7,"column":28},"end":{"line":7,"column":65}},"type":"binary-expr","locations":[{"start":{"line":7,"column":28},"end":{"line":7,"column":38}},{"start":{"line":7,"column":42},"end":{"line":7,"column":65}}],"line":7}},"s":{"0":0,"1":0,"2":0,"3":0,"4":0,"5":1},"f":{"0":0,"1":0,"2":0,"3":0,"4":0,"5":1},"b":{"0":[1,0]},"_coverageSchema":"332fd63041d2c1bcb487cc26dd0d5f7d97098a6c","hash":"a946f61720664a378f35b355acf2f0ee801d8589"}
,"/Users/nathanaeldenys/Documents/Coding/vue-projects/profitoro-nuxt/store/index.js": {"path":"/Users/nathanaeldenys/Documents/Coding/vue-projects/profitoro-nuxt/store/index.js","statementMap":{"0":{"start":{"line":8,"column":0},"end":{"line":8,"column":13}},"1":{"start":{"line":10,"column":21},"end":{"line":20,"column":2}}},"fnMap":{"0":{"name":"(anonymous_0)","decl":{"start":{"line":10,"column":15},"end":{"line":10,"column":16}},"loc":{"start":{"line":10,"column":21},"end":{"line":20,"column":2}},"line":10}},"branchMap":{},"s":{"0":1,"1":1},"f":{"0":1},"b":{},"_coverageSchema":"332fd63041d2c1bcb487cc26dd0d5f7d97098a6c","hash":"1f3def863993f6fef2eb4a50e8e77a7aaf33869c"}
,"/Users/nathanaeldenys/Documents/Coding/vue-projects/profitoro-nuxt/store/mutations.js": {"path":"/Users/nathanaeldenys/Documents/Coding/vue-projects/profitoro-nuxt/store/mutations.js","statementMap":{"0":{"start":{"line":3,"column":4},"end":{"line":3,"column":50}},"1":{"start":{"line":6,"column":4},"end":{"line":6,"column":40}},"2":{"start":{"line":9,"column":3},"end":{"line":9,"column":37}},"3":{"start":{"line":12,"column":4},"end":{"line":12,"column":22}},"4":{"start":{"line":15,"column":4},"end":{"line":15,"column":27}},"5":{"start":{"line":18,"column":4},"end":{"line":18,"column":31}},"6":{"start":{"line":21,"column":4},"end":{"line":21,"column":29}},"7":{"start":{"line":24,"column":4},"end":{"line":24,"column":29}}},"fnMap":{},"branchMap":{},"s":{"0":1,"1":1,"2":1,"3":1,"4":1,"5":1,"6":1,"7":1},"f":{},"b":{},"_coverageSchema":"332fd63041d2c1bcb487cc26dd0d5f7d97098a6c","hash":"b09c6c9e1b4f0d0ccffbae1ab35f32688df738ff"}
,"/Users/nathanaeldenys/Documents/Coding/vue-projects/profitoro-nuxt/store/state.js": {"path":"/Users/nathanaeldenys/Documents/Coding/vue-projects/profitoro-nuxt/store/state.js","statementMap":{"0":{"start":{"line":1,"column":15},"end":{"line":6,"column":1}},"1":{"start":{"line":8,"column":13},"end":{"line":8,"column":17}},"2":{"start":{"line":9,"column":18},"end":{"line":9,"column":22}},"3":{"start":{"line":10,"column":22},"end":{"line":10,"column":26}},"4":{"start":{"line":11,"column":20},"end":{"line":11,"column":24}},"5":{"start":{"line":12,"column":20},"end":{"line":12,"column":22}},"6":{"start":{"line":14,"column":19},"end":{"line":23,"column":1}}},"fnMap":{},"branchMap":{},"s":{"0":1,"1":1,"2":1,"3":1,"4":1,"5":1,"6":1},"f":{},"b":{},"_coverageSchema":"332fd63041d2c1bcb487cc26dd0d5f7d97098a6c","hash":"2603cfd8ae021b20a412a80c2f5e8c1bd6b03ada"}
,"/Users/nathanaeldenys/Documents/Coding/vue-projects/profitoro-nuxt/utils/utils.js": {"path":"/Users/nathanaeldenys/Documents/Coding/vue-projects/profitoro-nuxt/utils/utils.js","statementMap":{"0":{"start":{"line":6,"column":25},"end":{"line":12,"column":3}},"1":{"start":{"line":7,"column":4},"end":{"line":9,"column":5}},"2":{"start":{"line":8,"column":6},"end":{"line":8,"column":18}},"3":{"start":{"line":11,"column":4},"end":{"line":11,"column":22}},"4":{"start":{"line":19,"column":40},"end":{"line":25,"column":3}},"5":{"start":{"line":20,"column":19},"end":{"line":20,"column":23}},"6":{"start":{"line":21,"column":4},"end":{"line":23,"column":5}},"7":{"start":{"line":22,"column":6},"end":{"line":22,"column":14}},"8":{"start":{"line":24,"column":4},"end":{"line":24,"column":56}},"9":{"start":{"line":28,"column":22},"end":{"line":31,"column":3}},"10":{"start":{"line":29,"column":14},"end":{"line":29,"column":4113}},"11":{"start":{"line":30,"column":4},"end":{"line":30,"column":14}}},"fnMap":{"0":{"name":"(anonymous_0)","decl":{"start":{"line":6,"column":25},"end":{"line":6,"column":26}},"loc":{"start":{"line":6,"column":34},"end":{"line":12,"column":3}},"line":6},"1":{"name":"(anonymous_1)","decl":{"start":{"line":19,"column":40},"end":{"line":19,"column":41}},"loc":{"start":{"line":19,"column":53},"end":{"line":25,"column":3}},"line":19},"2":{"name":"(anonymous_2)","decl":{"start":{"line":28,"column":22},"end":{"line":28,"column":23}},"loc":{"start":{"line":28,"column":28},"end":{"line":31,"column":3}},"line":28}},"branchMap":{"0":{"loc":{"start":{"line":7,"column":4},"end":{"line":9,"column":5}},"type":"if","locations":[{"start":{"line":7,"column":4},"end":{"line":9,"column":5}},{"start":{"line":7,"column":4},"end":{"line":9,"column":5}}],"line":7},"1":{"loc":{"start":{"line":21,"column":4},"end":{"line":23,"column":5}},"type":"if","locations":[{"start":{"line":21,"column":4},"end":{"line":23,"column":5}},{"start":{"line":21,"column":4},"end":{"line":23,"column":5}}],"line":21}},"s":{"0":1,"1":2,"2":1,"3":1,"4":1,"5":2,"6":2,"7":1,"8":1,"9":1,"10":1,"11":1},"f":{"0":2,"1":2,"2":1},"b":{"0":[1,1],"1":[1,1]},"_coverageSchema":"332fd63041d2c1bcb487cc26dd0d5f7d97098a6c","hash":"70c04261a449cb16f86fd7301dc8bab79455b3fd"}
}
