TN:
SF:/Users/nathanaeldenys/Documents/Coding/vue-projects/profitoro-nuxt/components/common/HeaderComponent.vue
FN:8,onLogout
FNF:1
FNH:1
FNDA:1,onLogout
DA:2,1
DA:3,1
DA:11,1
DA:12,0
LF:4
LH:3
BRF:0
BRH:0
end_of_record
TN:
SF:/Users/nathanaeldenys/Documents/Coding/vue-projects/profitoro-nuxt/components/common/Logo.vue
FN:2,data
FNF:1
FNH:1
FNDA:1,data
DA:4,1
LF:1
LH:1
BRF:0
BRH:0
end_of_record
TN:
SF:/Users/nathanaeldenys/Documents/Coding/vue-projects/profitoro-nuxt/store/actions.js
FN:11,_uploadImage
FN:13,(anonymous_1)
FN:117,(anonymous_2)
FN:149,(anonymous_3)
FN:151,(anonymous_4)
FN:168,(anonymous_5)
FN:184,(anonymous_6)
FN:199,(anonymous_7)
FN:205,(anonymous_8)
FN:208,(anonymous_9)
FN:211,(anonymous_10)
FN:220,(anonymous_11)
FN:221,(anonymous_12)
FN:231,(anonymous_13)
FNF:14
FNH:0
FNDA:0,_uploadImage
FNDA:0,(anonymous_1)
FNDA:0,(anonymous_2)
FNDA:0,(anonymous_3)
FNDA:0,(anonymous_4)
FNDA:0,(anonymous_5)
FNDA:0,(anonymous_6)
FNDA:0,(anonymous_7)
FNDA:0,(anonymous_8)
FNDA:0,(anonymous_9)
FNDA:0,(anonymous_10)
FNDA:0,(anonymous_11)
FNDA:0,(anonymous_12)
FNDA:0,(anonymous_13)
DA:12,0
DA:13,0
DA:14,0
DA:27,1
DA:36,1
DA:37,0
DA:40,1
DA:41,1
DA:42,1
DA:43,1
DA:45,1
DA:48,1
DA:49,1
DA:50,1
DA:52,1
DA:60,0
DA:61,0
DA:63,0
DA:64,0
DA:65,0
DA:67,0
DA:76,0
DA:77,0
DA:79,0
DA:80,0
DA:81,0
DA:83,0
DA:92,0
DA:93,0
DA:95,0
DA:96,0
DA:97,0
DA:99,0
DA:108,0
DA:116,0
DA:118,0
DA:128,0
DA:131,0
DA:139,0
DA:149,0
DA:152,0
DA:161,0
DA:168,0
DA:169,0
DA:177,1
DA:184,0
DA:185,0
DA:186,0
DA:187,0
DA:188,0
DA:190,0
DA:191,0
DA:200,0
DA:201,0
DA:202,0
DA:203,0
DA:205,0
DA:206,0
DA:208,0
DA:209,0
DA:211,0
DA:212,0
DA:221,0
DA:222,0
DA:223,0
DA:225,0
DA:232,0
DA:233,0
DA:234,0
DA:235,0
DA:236,0
DA:237,0
DA:238,0
DA:240,0
LF:74
LH:12
BRDA:36,0,0,0
BRDA:36,0,1,1
BRDA:60,1,0,0
BRDA:60,1,1,0
BRDA:64,2,0,0
BRDA:64,2,1,0
BRDA:76,3,0,0
BRDA:76,3,1,0
BRDA:80,4,0,0
BRDA:80,4,1,0
BRDA:92,5,0,0
BRDA:92,5,1,0
BRDA:96,6,0,0
BRDA:96,6,1,0
BRDA:186,7,0,0
BRDA:186,7,1,0
BRDA:186,8,0,0
BRDA:186,8,1,0
BRDA:190,9,0,0
BRDA:190,9,1,0
BRDA:222,10,0,0
BRDA:222,10,1,0
BRF:22
BRH:1
end_of_record
TN:
SF:/Users/nathanaeldenys/Documents/Coding/vue-projects/profitoro-nuxt/store/getters.js
FN:2,(anonymous_0)
FN:3,(anonymous_1)
FN:4,(anonymous_2)
FN:5,(anonymous_3)
FN:6,(anonymous_4)
FN:7,(anonymous_5)
FNF:6
FNH:1
FNDA:0,(anonymous_0)
FNDA:0,(anonymous_1)
FNDA:0,(anonymous_2)
FNDA:0,(anonymous_3)
FNDA:0,(anonymous_4)
FNDA:1,(anonymous_5)
DA:2,0
DA:3,0
DA:4,0
DA:5,0
DA:6,0
DA:7,1
LF:6
LH:1
BRDA:7,0,0,1
BRDA:7,0,1,0
BRF:2
BRH:1
end_of_record
TN:
SF:/Users/nathanaeldenys/Documents/Coding/vue-projects/profitoro-nuxt/store/index.js
FN:10,(anonymous_0)
FNF:1
FNH:1
FNDA:1,(anonymous_0)
DA:8,1
DA:10,1
LF:2
LH:2
BRF:0
BRH:0
end_of_record
TN:
SF:/Users/nathanaeldenys/Documents/Coding/vue-projects/profitoro-nuxt/store/mutations.js
FNF:0
FNH:0
DA:3,1
DA:6,1
DA:9,1
DA:12,1
DA:15,1
DA:18,1
DA:21,1
DA:24,1
LF:8
LH:8
BRF:0
BRH:0
end_of_record
TN:
SF:/Users/nathanaeldenys/Documents/Coding/vue-projects/profitoro-nuxt/store/state.js
FNF:0
FNH:0
DA:1,1
DA:8,1
DA:9,1
DA:10,1
DA:11,1
DA:12,1
DA:14,1
LF:7
LH:7
BRF:0
BRH:0
end_of_record
TN:
SF:/Users/nathanaeldenys/Documents/Coding/vue-projects/profitoro-nuxt/utils/utils.js
FN:6,(anonymous_0)
FN:19,(anonymous_1)
FN:28,(anonymous_2)
FNF:3
FNH:3
FNDA:2,(anonymous_0)
FNDA:2,(anonymous_1)
FNDA:1,(anonymous_2)
DA:6,1
DA:7,2
DA:8,1
DA:11,1
DA:19,1
DA:20,2
DA:21,2
DA:22,1
DA:24,1
DA:28,1
DA:29,1
DA:30,1
LF:12
LH:12
BRDA:7,0,0,1
BRDA:7,0,1,1
BRDA:21,1,0,1
BRDA:21,1,1,1
BRF:4
BRH:4
end_of_record
